<?xml version="1.0" encoding="UTF-8"?>
<!-- Generated by org.testng.reporters.JUnitXMLReporter -->
<testsuite ignored="0" hostname="UMESH" failures="1" tests="3" name="Test3" time="28.62" errors="0" timestamp="2024-01-05T14:10:52 IST">
  <testcase classname="pages.test.PageTest2" name="test1" time="0.011"/>
  <testcase classname="pages.test.PageTest2" name="test3" time="0.005">
    <failure type="java.lang.AssertionError" message="expected [true] but found [false]">
      <![CDATA[java.lang.AssertionError: expected [true] but found [false]
at pages.test.PageTest2.test3(PageTest2.java:20)
at java.base/java.util.concurrent.FutureTask.run(FutureTask.java:317)
at java.base/java.util.concurrent.ThreadPoolExecutor.runWorker(ThreadPoolExecutor.java:1144)
at java.base/java.util.concurrent.ThreadPoolExecutor$Worker.run(ThreadPoolExecutor.java:642)
at java.base/java.lang.Thread.run(Thread.java:1623)
... Removed 10 stack frames]]>
    </failure>
  </testcase> <!-- test3 -->
  <testcase classname="pages.test.PageTest2" name="test4" time="0.051"/>
</testsuite> <!-- Test3 -->
