<?xml version="1.0" encoding="UTF-8"?>
<!-- Generated by org.testng.reporters.JUnitXMLReporter -->
<testsuite ignored="0" hostname="UMESH" failures="0" tests="7" name="Test" time="4.173" errors="0" timestamp="2024-01-04T18:51:36 IST">
  <testcase classname="pages.test.BaseTest" name="@BeforeMethod beforeMethod" time="2.028">
    <failure type="java.lang.NullPointerException" message="Cannot invoke &amp;quot;String.toLowerCase()&amp;quot; because the return value of &amp;quot;utility.Utility.getConfigurationProperty(String)&amp;quot; is null">
      <![CDATA[java.lang.NullPointerException: Cannot invoke "String.toLowerCase()" because the return value of "utility.Utility.getConfigurationProperty(String)" is null
at factory.DriverFactory.getDriver(DriverFactory.java:26)
at pages.test.BaseTest.beforeMethod(BaseTest.java:23)
at java.base/java.util.ArrayList.forEach(ArrayList.java:1511)
... Removed 29 stack frames]]>
    </failure>
  </testcase> <!-- @BeforeMethod beforeMethod -->
  <testcase classname="pages.test.BaseTest" name="@AfterMethod AfterMethod" time="-1.704374493995E9">
    <skipped/>
  </testcase> <!-- @AfterMethod AfterMethod -->
  <testcase classname="pages.test.BaseTest" name="@BeforeMethod beforeMethod" time="-1.704374493998E9">
    <skipped/>
  </testcase> <!-- @BeforeMethod beforeMethod -->
  <testcase classname="pages.test.BaseTest" name="@AfterMethod AfterMethod" time="-1.704374494005E9">
    <skipped/>
  </testcase> <!-- @AfterMethod AfterMethod -->
  <testcase classname="pages.test.BaseTest" name="@BeforeMethod beforeMethod" time="-1.704374494007E9">
    <skipped/>
  </testcase> <!-- @BeforeMethod beforeMethod -->
  <testcase classname="pages.test.BaseTest" name="@AfterMethod AfterMethod" time="-1.704374494012E9">
    <skipped/>
  </testcase> <!-- @AfterMethod AfterMethod -->
  <testcase classname="pages.test.BaseTest" name="@BeforeMethod beforeMethod" time="-1.704374494015E9">
    <skipped/>
  </testcase> <!-- @BeforeMethod beforeMethod -->
  <testcase classname="pages.test.BaseTest" name="@AfterMethod AfterMethod" time="-1.704374494019E9">
    <skipped/>
  </testcase> <!-- @AfterMethod AfterMethod -->
  <testcase classname="pages.test.BaseTest" name="@BeforeMethod beforeMethod" time="-1.704374494021E9">
    <skipped/>
  </testcase> <!-- @BeforeMethod beforeMethod -->
  <testcase classname="pages.test.BaseTest" name="@AfterMethod AfterMethod" time="-1.704374494024E9">
    <skipped/>
  </testcase> <!-- @AfterMethod AfterMethod -->
  <testcase classname="pages.test.BaseTest" name="@BeforeMethod beforeMethod" time="2.01">
    <failure type="java.lang.NullPointerException" message="Cannot invoke &amp;quot;String.toLowerCase()&amp;quot; because the return value of &amp;quot;utility.Utility.getConfigurationProperty(String)&amp;quot; is null">
      <![CDATA[java.lang.NullPointerException: Cannot invoke "String.toLowerCase()" because the return value of "utility.Utility.getConfigurationProperty(String)" is null
at factory.DriverFactory.getDriver(DriverFactory.java:26)
at pages.test.BaseTest.beforeMethod(BaseTest.java:23)
at java.base/java.util.ArrayList.forEach(ArrayList.java:1511)
... Removed 29 stack frames]]>
    </failure>
  </testcase> <!-- @BeforeMethod beforeMethod -->
  <testcase classname="pages.test.BaseTest" name="@AfterMethod AfterMethod" time="-1.704374496043E9">
    <skipped/>
  </testcase> <!-- @AfterMethod AfterMethod -->
  <testcase classname="pages.test.BaseTest" name="@BeforeMethod beforeMethod" time="-1.704374496045E9">
    <skipped/>
  </testcase> <!-- @BeforeMethod beforeMethod -->
  <testcase classname="pages.test.BaseTest" name="@AfterMethod AfterMethod" time="-1.704374496049E9">
    <skipped/>
  </testcase> <!-- @AfterMethod AfterMethod -->
  <testcase classname="pages.test.PageTest3" name="test1" time="0.0">
    <skipped/>
  </testcase> <!-- test1 -->
  <testcase classname="pages.test.PageTest3" name="test2" time="0.0">
    <skipped/>
  </testcase> <!-- test2 -->
  <testcase classname="pages.test.PageTest3" name="test3" time="0.0">
    <skipped/>
  </testcase> <!-- test3 -->
  <testcase classname="pages.test.PageTest3" name="test4" time="0.0">
    <skipped/>
  </testcase> <!-- test4 -->
  <testcase classname="pages.test.PageTest3" name="test5" time="0.0">
    <skipped/>
  </testcase> <!-- test5 -->
  <testcase classname="pages.test.PageTest2" name="test1" time="0.0">
    <skipped/>
  </testcase> <!-- test1 -->
  <testcase classname="pages.test.PageTest2" name="test3" time="0.0">
    <skipped/>
  </testcase> <!-- test3 -->
</testsuite> <!-- Test -->
