<?xml version="1.0" encoding="UTF-8"?>
<!-- Generated by org.testng.reporters.JUnitXMLReporter -->
<testsuite ignored="0" hostname="UMESH" failures="0" tests="11" name="Test" time="78.453" errors="0" timestamp="2024-01-02T13:35:50 IST">
  <testcase classname="pages.test.PageTest3" name="test1" time="0.008"/>
  <testcase classname="pages.test.PageTest3" name="test2" time="0.005"/>
  <testcase classname="pages.test.PageTest3" name="test3" time="0.008"/>
  <testcase classname="pages.test.PageTest3" name="test4" time="0.002"/>
  <testcase classname="pages.test.PageTest3" name="test5" time="0.004"/>
  <testcase classname="pages.test.PageTest3" name="test6" time="0.004"/>
  <testcase classname="pages.test.PageTest3" name="test7" time="0.002"/>
  <testcase classname="pages.test.PageTest3" name="test8" time="0.002"/>
  <testcase classname="pages.test.PageTest2" name="test1" time="0.0"/>
  <testcase classname="pages.test.PageTest2" name="test3" time="0.004"/>
  <testcase classname="pages.test.PageTest2" name="test4" time="1.042"/>
</testsuite> <!-- Test -->
