<?xml version="1.0" encoding="UTF-8"?>
<testng-results ignored="0" total="11" passed="11" failed="0" skipped="0">
  <reporter-output>
  </reporter-output>
  <suite started-at="2024-01-02T13:34:32 IST" name="Suite" finished-at="2024-01-02T13:35:50 IST" duration-ms="78453">
    <groups>
      <group name="regression">
        <method signature="PageTest2.test3()[pri:0, instance:pages.test.PageTest2@4ac3c60d]" name="test3" class="pages.test.PageTest2"/>
        <method signature="PageTest3.test2()[pri:0, instance:pages.test.PageTest3@48e4374]" name="test2" class="pages.test.PageTest3"/>
        <method signature="PageTest3.test3()[pri:0, instance:pages.test.PageTest3@48e4374]" name="test3" class="pages.test.PageTest3"/>
      </group> <!-- regression -->
      <group name="end-to-end">
        <method signature="PageTest3.test8()[pri:0, instance:pages.test.PageTest3@48e4374]" name="test8" class="pages.test.PageTest3"/>
      </group> <!-- end-to-end -->
      <group name="smoke">
        <method signature="PageTest2.test1()[pri:0, instance:pages.test.PageTest2@4ac3c60d]" name="test1" class="pages.test.PageTest2"/>
        <method signature="PageTest2.test4()[pri:0, instance:pages.test.PageTest2@4ac3c60d]" name="test4" class="pages.test.PageTest2"/>
        <method signature="PageTest3.test1()[pri:0, instance:pages.test.PageTest3@48e4374]" name="test1" class="pages.test.PageTest3"/>
        <method signature="PageTest3.test4()[pri:0, instance:pages.test.PageTest3@48e4374]" name="test4" class="pages.test.PageTest3"/>
        <method signature="PageTest3.test6()[pri:0, instance:pages.test.PageTest3@48e4374]" name="test6" class="pages.test.PageTest3"/>
      </group> <!-- smoke -->
      <group name="sanity">
        <method signature="PageTest3.test3()[pri:0, instance:pages.test.PageTest3@48e4374]" name="test3" class="pages.test.PageTest3"/>
        <method signature="PageTest3.test5()[pri:0, instance:pages.test.PageTest3@48e4374]" name="test5" class="pages.test.PageTest3"/>
        <method signature="PageTest3.test7()[pri:0, instance:pages.test.PageTest3@48e4374]" name="test7" class="pages.test.PageTest3"/>
      </group> <!-- sanity -->
    </groups>
    <test started-at="2024-01-02T13:34:32 IST" name="Test" finished-at="2024-01-02T13:35:50 IST" duration-ms="78453">
      <class name="pages.test.PageTest2">
        <test-method is-config="true" signature="beforeMethod(java.lang.String)[pri:0, instance:pages.test.PageTest2@4ac3c60d]" started-at="2024-01-02T13:35:17 IST" name="beforeMethod" finished-at="2024-01-02T13:35:21 IST" duration-ms="3702" status="PASS">
          <params>
            <param index="0">
              <value>
                <![CDATA[chrome]]>
              </value>
            </param>
          </params>
          <reporter-output>
          </reporter-output>
        </test-method> <!-- beforeMethod -->
        <test-method is-config="true" signature="beforeMethod()[pri:0, instance:pages.test.PageTest2@4ac3c60d]" started-at="2024-01-02T13:35:21 IST" name="beforeMethod" finished-at="2024-01-02T13:35:27 IST" duration-ms="5734" status="PASS">
          <reporter-output>
          </reporter-output>
        </test-method> <!-- beforeMethod -->
        <test-method is-config="true" signature="AfterMethod()[pri:0, instance:pages.test.PageTest2@4ac3c60d]" started-at="2024-01-02T13:35:27 IST" name="AfterMethod" finished-at="2024-01-02T13:35:29 IST" duration-ms="2214" status="PASS">
          <reporter-output>
          </reporter-output>
        </test-method> <!-- AfterMethod -->
        <test-method signature="test1()[pri:0, instance:pages.test.PageTest2@4ac3c60d]" started-at="2024-01-02T13:35:27 IST" name="test1" description="PageTest2 test1 description" finished-at="2024-01-02T13:35:27 IST" duration-ms="0" status="PASS">
          <reporter-output>
          </reporter-output>
        </test-method> <!-- test1 -->
        <test-method is-config="true" signature="beforeMethod(java.lang.String)[pri:0, instance:pages.test.PageTest2@4ac3c60d]" started-at="2024-01-02T13:35:29 IST" name="beforeMethod" finished-at="2024-01-02T13:35:34 IST" duration-ms="5362" status="PASS">
          <params>
            <param index="0">
              <value>
                <![CDATA[chrome]]>
              </value>
            </param>
          </params>
          <reporter-output>
          </reporter-output>
        </test-method> <!-- beforeMethod -->
        <test-method is-config="true" signature="beforeMethod()[pri:0, instance:pages.test.PageTest2@4ac3c60d]" started-at="2024-01-02T13:35:34 IST" name="beforeMethod" finished-at="2024-01-02T13:35:37 IST" duration-ms="2651" status="PASS">
          <reporter-output>
          </reporter-output>
        </test-method> <!-- beforeMethod -->
        <test-method signature="test3()[pri:0, instance:pages.test.PageTest2@4ac3c60d]" started-at="2024-01-02T13:35:37 IST" name="test3" description="PageTest2 test3 description" finished-at="2024-01-02T13:35:37 IST" duration-ms="4" status="PASS">
          <reporter-output>
          </reporter-output>
        </test-method> <!-- test3 -->
        <test-method is-config="true" signature="AfterMethod()[pri:0, instance:pages.test.PageTest2@4ac3c60d]" started-at="2024-01-02T13:35:37 IST" name="AfterMethod" finished-at="2024-01-02T13:35:39 IST" duration-ms="2108" status="PASS">
          <reporter-output>
          </reporter-output>
        </test-method> <!-- AfterMethod -->
        <test-method is-config="true" signature="beforeMethod(java.lang.String)[pri:0, instance:pages.test.PageTest2@4ac3c60d]" started-at="2024-01-02T13:35:39 IST" name="beforeMethod" finished-at="2024-01-02T13:35:44 IST" duration-ms="5077" status="PASS">
          <params>
            <param index="0">
              <value>
                <![CDATA[chrome]]>
              </value>
            </param>
          </params>
          <reporter-output>
          </reporter-output>
        </test-method> <!-- beforeMethod -->
        <test-method is-config="true" signature="beforeMethod()[pri:0, instance:pages.test.PageTest2@4ac3c60d]" started-at="2024-01-02T13:35:44 IST" name="beforeMethod" finished-at="2024-01-02T13:35:47 IST" duration-ms="2717" status="PASS">
          <reporter-output>
          </reporter-output>
        </test-method> <!-- beforeMethod -->
        <test-method signature="test4()[pri:0, instance:pages.test.PageTest2@4ac3c60d]" started-at="2024-01-02T13:35:47 IST" name="test4" description="PageTest2 test4 description" finished-at="2024-01-02T13:35:48 IST" duration-ms="1042" status="PASS">
          <reporter-output>
          </reporter-output>
        </test-method> <!-- test4 -->
        <test-method is-config="true" signature="AfterMethod()[pri:0, instance:pages.test.PageTest2@4ac3c60d]" started-at="2024-01-02T13:35:48 IST" name="AfterMethod" finished-at="2024-01-02T13:35:50 IST" duration-ms="2151" status="PASS">
          <reporter-output>
          </reporter-output>
        </test-method> <!-- AfterMethod -->
      </class> <!-- pages.test.PageTest2 -->
      <class name="pages.test.PageTest3">
        <test-method is-config="true" signature="beforeMethod(java.lang.String)[pri:0, instance:pages.test.PageTest3@48e4374]" started-at="2024-01-02T13:34:32 IST" name="beforeMethod" finished-at="2024-01-02T13:34:36 IST" duration-ms="3916" status="PASS">
          <params>
            <param index="0">
              <value>
                <![CDATA[chrome]]>
              </value>
            </param>
          </params>
          <reporter-output>
          </reporter-output>
        </test-method> <!-- beforeMethod -->
        <test-method signature="test1()[pri:0, instance:pages.test.PageTest3@48e4374]" started-at="2024-01-02T13:34:36 IST" name="test1" description="PageTest3 test1 description" finished-at="2024-01-02T13:34:36 IST" duration-ms="8" status="PASS">
          <reporter-output>
          </reporter-output>
        </test-method> <!-- test1 -->
        <test-method is-config="true" signature="AfterMethod()[pri:0, instance:pages.test.PageTest3@48e4374]" started-at="2024-01-02T13:34:36 IST" name="AfterMethod" finished-at="2024-01-02T13:34:38 IST" duration-ms="2177" status="PASS">
          <reporter-output>
          </reporter-output>
        </test-method> <!-- AfterMethod -->
        <test-method is-config="true" signature="beforeMethod(java.lang.String)[pri:0, instance:pages.test.PageTest3@48e4374]" started-at="2024-01-02T13:34:38 IST" name="beforeMethod" finished-at="2024-01-02T13:34:40 IST" duration-ms="2233" status="PASS">
          <params>
            <param index="0">
              <value>
                <![CDATA[chrome]]>
              </value>
            </param>
          </params>
          <reporter-output>
          </reporter-output>
        </test-method> <!-- beforeMethod -->
        <test-method signature="test2()[pri:0, instance:pages.test.PageTest3@48e4374]" started-at="2024-01-02T13:34:40 IST" name="test2" description="PageTest3 test2 description" finished-at="2024-01-02T13:34:40 IST" duration-ms="5" status="PASS">
          <reporter-output>
          </reporter-output>
        </test-method> <!-- test2 -->
        <test-method is-config="true" signature="AfterMethod()[pri:0, instance:pages.test.PageTest3@48e4374]" started-at="2024-01-02T13:34:40 IST" name="AfterMethod" finished-at="2024-01-02T13:34:42 IST" duration-ms="2146" status="PASS">
          <reporter-output>
          </reporter-output>
        </test-method> <!-- AfterMethod -->
        <test-method is-config="true" signature="beforeMethod(java.lang.String)[pri:0, instance:pages.test.PageTest3@48e4374]" started-at="2024-01-02T13:34:42 IST" name="beforeMethod" finished-at="2024-01-02T13:34:47 IST" duration-ms="4847" status="PASS">
          <params>
            <param index="0">
              <value>
                <![CDATA[chrome]]>
              </value>
            </param>
          </params>
          <reporter-output>
          </reporter-output>
        </test-method> <!-- beforeMethod -->
        <test-method signature="test3()[pri:0, instance:pages.test.PageTest3@48e4374]" started-at="2024-01-02T13:34:47 IST" name="test3" description="PageTest3 test3 description" finished-at="2024-01-02T13:34:47 IST" duration-ms="8" status="PASS">
          <reporter-output>
          </reporter-output>
        </test-method> <!-- test3 -->
        <test-method is-config="true" signature="AfterMethod()[pri:0, instance:pages.test.PageTest3@48e4374]" started-at="2024-01-02T13:34:47 IST" name="AfterMethod" finished-at="2024-01-02T13:34:49 IST" duration-ms="2158" status="PASS">
          <reporter-output>
          </reporter-output>
        </test-method> <!-- AfterMethod -->
        <test-method is-config="true" signature="beforeMethod(java.lang.String)[pri:0, instance:pages.test.PageTest3@48e4374]" started-at="2024-01-02T13:34:49 IST" name="beforeMethod" finished-at="2024-01-02T13:34:54 IST" duration-ms="5147" status="PASS">
          <params>
            <param index="0">
              <value>
                <![CDATA[chrome]]>
              </value>
            </param>
          </params>
          <reporter-output>
          </reporter-output>
        </test-method> <!-- beforeMethod -->
        <test-method signature="test4()[pri:0, instance:pages.test.PageTest3@48e4374]" started-at="2024-01-02T13:34:54 IST" name="test4" description="PageTest3 test4 description" finished-at="2024-01-02T13:34:54 IST" duration-ms="2" status="PASS">
          <reporter-output>
          </reporter-output>
        </test-method> <!-- test4 -->
        <test-method is-config="true" signature="AfterMethod()[pri:0, instance:pages.test.PageTest3@48e4374]" started-at="2024-01-02T13:34:54 IST" name="AfterMethod" finished-at="2024-01-02T13:34:57 IST" duration-ms="2186" status="PASS">
          <reporter-output>
          </reporter-output>
        </test-method> <!-- AfterMethod -->
        <test-method is-config="true" signature="beforeMethod(java.lang.String)[pri:0, instance:pages.test.PageTest3@48e4374]" started-at="2024-01-02T13:34:57 IST" name="beforeMethod" finished-at="2024-01-02T13:34:58 IST" duration-ms="1756" status="PASS">
          <params>
            <param index="0">
              <value>
                <![CDATA[chrome]]>
              </value>
            </param>
          </params>
          <reporter-output>
          </reporter-output>
        </test-method> <!-- beforeMethod -->
        <test-method signature="test5()[pri:0, instance:pages.test.PageTest3@48e4374]" started-at="2024-01-02T13:34:58 IST" name="test5" description="PageTest3 test2 description" finished-at="2024-01-02T13:34:58 IST" duration-ms="4" status="PASS">
          <reporter-output>
          </reporter-output>
        </test-method> <!-- test5 -->
        <test-method is-config="true" signature="AfterMethod()[pri:0, instance:pages.test.PageTest3@48e4374]" started-at="2024-01-02T13:34:58 IST" name="AfterMethod" finished-at="2024-01-02T13:35:01 IST" duration-ms="2132" status="PASS">
          <reporter-output>
          </reporter-output>
        </test-method> <!-- AfterMethod -->
        <test-method is-config="true" signature="beforeMethod(java.lang.String)[pri:0, instance:pages.test.PageTest3@48e4374]" started-at="2024-01-02T13:35:01 IST" name="beforeMethod" finished-at="2024-01-02T13:35:05 IST" duration-ms="4794" status="PASS">
          <params>
            <param index="0">
              <value>
                <![CDATA[chrome]]>
              </value>
            </param>
          </params>
          <reporter-output>
          </reporter-output>
        </test-method> <!-- beforeMethod -->
        <test-method signature="test6()[pri:0, instance:pages.test.PageTest3@48e4374]" started-at="2024-01-02T13:35:05 IST" name="test6" description="PageTest3 test2 description" finished-at="2024-01-02T13:35:05 IST" duration-ms="4" status="PASS">
          <reporter-output>
          </reporter-output>
        </test-method> <!-- test6 -->
        <test-method is-config="true" signature="AfterMethod()[pri:0, instance:pages.test.PageTest3@48e4374]" started-at="2024-01-02T13:35:05 IST" name="AfterMethod" finished-at="2024-01-02T13:35:07 IST" duration-ms="2156" status="PASS">
          <reporter-output>
          </reporter-output>
        </test-method> <!-- AfterMethod -->
        <test-method is-config="true" signature="beforeMethod(java.lang.String)[pri:0, instance:pages.test.PageTest3@48e4374]" started-at="2024-01-02T13:35:07 IST" name="beforeMethod" finished-at="2024-01-02T13:35:11 IST" duration-ms="3017" status="PASS">
          <params>
            <param index="0">
              <value>
                <![CDATA[chrome]]>
              </value>
            </param>
          </params>
          <reporter-output>
          </reporter-output>
        </test-method> <!-- beforeMethod -->
        <test-method signature="test7()[pri:0, instance:pages.test.PageTest3@48e4374]" started-at="2024-01-02T13:35:11 IST" name="test7" description="PageTest3 test2 description" finished-at="2024-01-02T13:35:11 IST" duration-ms="2" status="PASS">
          <reporter-output>
          </reporter-output>
        </test-method> <!-- test7 -->
        <test-method is-config="true" signature="AfterMethod()[pri:0, instance:pages.test.PageTest3@48e4374]" started-at="2024-01-02T13:35:11 IST" name="AfterMethod" finished-at="2024-01-02T13:35:13 IST" duration-ms="2133" status="PASS">
          <reporter-output>
          </reporter-output>
        </test-method> <!-- AfterMethod -->
        <test-method is-config="true" signature="beforeMethod(java.lang.String)[pri:0, instance:pages.test.PageTest3@48e4374]" started-at="2024-01-02T13:35:13 IST" name="beforeMethod" finished-at="2024-01-02T13:35:15 IST" duration-ms="2643" status="PASS">
          <params>
            <param index="0">
              <value>
                <![CDATA[chrome]]>
              </value>
            </param>
          </params>
          <reporter-output>
          </reporter-output>
        </test-method> <!-- beforeMethod -->
        <test-method signature="test8()[pri:0, instance:pages.test.PageTest3@48e4374]" started-at="2024-01-02T13:35:15 IST" name="test8" description="PageTest3 test2 description" finished-at="2024-01-02T13:35:15 IST" duration-ms="2" status="PASS">
          <reporter-output>
          </reporter-output>
        </test-method> <!-- test8 -->
        <test-method is-config="true" signature="AfterMethod()[pri:0, instance:pages.test.PageTest3@48e4374]" started-at="2024-01-02T13:35:15 IST" name="AfterMethod" finished-at="2024-01-02T13:35:17 IST" duration-ms="2141" status="PASS">
          <reporter-output>
          </reporter-output>
        </test-method> <!-- AfterMethod -->
      </class> <!-- pages.test.PageTest3 -->
    </test> <!-- Test -->
  </suite> <!-- Suite -->
</testng-results>
