<?xml version="1.0" encoding="UTF-8"?>
<testsuite xmlns:xsi="http://www.w3.org/2001/XMLSchema-instance" xsi:noNamespaceSchemaLocation="https://maven.apache.org/surefire/maven-surefire-plugin/xsd/surefire-test-report-3.0.xsd" version="3.0" name="TestSuite" time="114.861" tests="6" errors="0" skipped="0" failures="1">
  <properties>
[...]
</properties>
  <testcase name="test1" classname="pages.test.PageTest2" time="0.624">
    <system-out><![CDATA[onStart
before method
before method
561d9fc49ebefca876725377bc24888a
OnTestStart : pages.test.PageTest2@2c767a52
test1 started sysout
Adding Author BaseTest : pages.test.PageTest2@2c767a52 Avtive Count : 15
]]></system-out>
    <system-err><![CDATA[Jan 05, 2024 10:23:01 PM org.openqa.selenium.remote.tracing.opentelemetry.OpenTelemetryTracer createTracer
INFO: Using OpenTelemetry for tracing
SLF4J: Failed to load class "org.slf4j.impl.StaticLoggerBinder".
SLF4J: Defaulting to no-operation (NOP) logger implementation
SLF4J: See http://www.slf4j.org/codes.html#StaticLoggerBinder for further details.
]]></system-err>
  </testcase>
  <testcase name="test1_PageTest3" classname="pages.test.PageTest3" time="0.03">
    <system-out><![CDATA[8e2a2e15ed2cfcab2fabb7626b6e6058
before method
OnTestStart : pages.test.PageTest3@10e41621
Adding Author BaseTest : pages.test.PageTest3@10e41621 Avtive Count : 14
]]></system-out>
  </testcase>
  <testcase name="test2_PageTest3" classname="pages.test.PageTest3" time="0.104">
    <system-out><![CDATA[3fa04bde07e0ed7da6cbcb725a3f5abf
before method
OnTestStart : pages.test.PageTest2@2c767a52
test3 started sysout
Adding Author BaseTest : pages.test.PageTest2@2c767a52 Avtive Count : 15
57152184ce9f1510818b2c8a448f4c79
OnTestStart : pages.test.PageTest3@10e41621
Adding Author BaseTest : pages.test.PageTest3@10e41621 Avtive Count : 14
]]></system-out>
    <system-err><![CDATA[Exception in thread "TestNG-test=Test2-2" org.openqa.selenium.remote.UnreachableBrowserException: Error communicating with the remote browser. It may have died.
Build info: version: '4.13.0', revision: 'ba948ece5b*'
System info: os.name: 'Windows 11', os.arch: 'amd64', os.version: '10.0', java.version: '20.0.2'
Driver info: org.openqa.selenium.remote.RemoteWebDriver
Command: [3fa04bde07e0ed7da6cbcb725a3f5abf, screenshot []]
Capabilities {acceptInsecureCerts: false, browserName: chrome, browserVersion: 120.0.6099.109, chrome: {chromedriverVersion: 120.0.6099.109 (3419140ab66..., userDataDir: /tmp/.org.chromium.Chromium...}, fedcm:accounts: true, goog:chromeOptions: {debuggerAddress: localhost:36661}, networkConnectionEnabled: false, pageLoadStrategy: normal, platformName: linux, proxy: Proxy(), se:bidiEnabled: false, se:cdp: ws://172.19.0.6:4444/sessio..., se:cdpVersion: 120.0.6099.109, se:vnc: ws://172.19.0.6:4444/sessio..., se:vncEnabled: true, se:vncLocalAddress: ws://172.19.0.6:7900, setWindowRect: true, strictFileInteractability: false, timeouts: {implicit: 0, pageLoad: 300000, script: 30000}, unhandledPromptBehavior: dismiss and notify, webauthn:extension:credBlob: true, webauthn:extension:largeBlob: true, webauthn:extension:minPinLength: true, webauthn:extension:prf: true, webauthn:virtualAuthenticators: true}
Session ID: 3fa04bde07e0ed7da6cbcb725a3f5abf
	at org.openqa.selenium.remote.RemoteWebDriver.execute(RemoteWebDriver.java:629)
	at org.openqa.selenium.remote.RemoteWebDriver.execute(RemoteWebDriver.java:675)
	at org.openqa.selenium.remote.RemoteWebDriver.execute(RemoteWebDriver.java:679)
	at org.openqa.selenium.remote.RemoteWebDriver.getScreenshotAs(RemoteWebDriver.java:325)
	at utility.Utility.getScreenshotAsBase64(Utility.java:51)
	at manager.TestManager.onTestFailure(TestManager.java:56)
	at listener.TestListener.onTestFailure(TestListener.java:28)
	at org.testng.internal.TestListenerHelper.runTestListeners(TestListenerHelper.java:96)
	at org.testng.internal.TestInvoker.runTestResultListener(TestInvoker.java:219)
	at org.testng.internal.TestInvoker$MethodInvocationAgent.invoke(TestInvoker.java:834)
	at org.testng.internal.TestInvoker.invokeTestMethods(TestInvoker.java:146)
	at org.testng.internal.TestMethodWorker.invokeTestMethods(TestMethodWorker.java:146)
	at org.testng.internal.TestMethodWorker.run(TestMethodWorker.java:128)
	at java.base/java.util.concurrent.ThreadPoolExecutor.runWorker(ThreadPoolExecutor.java:1144)
	at java.base/java.util.concurrent.ThreadPoolExecutor$Worker.run(ThreadPoolExecutor.java:642)
	at java.base/java.lang.Thread.run(Thread.java:1623)
Caused by: java.lang.RuntimeException: NettyHttpHandler request interrupted
	at org.openqa.selenium.remote.http.netty.NettyHttpHandler.makeCall(NettyHttpHandler.java:63)
	at org.openqa.selenium.remote.http.AddSeleniumUserAgent.lambda$apply$0(AddSeleniumUserAgent.java:42)
	at org.openqa.selenium.remote.http.Filter.lambda$andFinally$1(Filter.java:55)
	at org.openqa.selenium.remote.http.netty.NettyHttpHandler.execute(NettyHttpHandler.java:48)
	at org.openqa.selenium.remote.http.netty.NettyClient.execute(NettyClient.java:96)
	at org.openqa.selenium.remote.tracing.TracedHttpClient.execute(TracedHttpClient.java:54)
	at org.openqa.selenium.remote.HttpCommandExecutor.execute(HttpCommandExecutor.java:188)
	at org.openqa.selenium.remote.TracedCommandExecutor.execute(TracedCommandExecutor.java:51)
	at org.openqa.selenium.remote.RemoteWebDriver.execute(RemoteWebDriver.java:602)
	... 15 more
Caused by: java.lang.InterruptedException
	at java.base/java.util.concurrent.CompletableFuture.reportGet(CompletableFuture.java:386)
	at java.base/java.util.concurrent.CompletableFuture.get(CompletableFuture.java:2096)
	at org.asynchttpclient.netty.NettyResponseFuture.get(NettyResponseFuture.java:206)
	at org.openqa.selenium.remote.http.netty.NettyHttpHandler.makeCall(NettyHttpHandler.java:59)
	... 23 more
]]></system-err>
  </testcase>
  <testcase name="test3_PageTest3" classname="pages.test.PageTest3" time="0.755">
    <failure message="expected [true] but found [false]" type="java.lang.AssertionError"><![CDATA[java.lang.AssertionError: expected [true] but found [false]
	at org.testng.Assert.fail(Assert.java:99)
	at org.testng.Assert.failNotEquals(Assert.java:1037)
	at org.testng.Assert.assertTrue(Assert.java:45)
	at org.testng.Assert.assertTrue(Assert.java:55)
	at pages.test.PageTest3.test3_PageTest3(PageTest3.java:17)
	at java.base/jdk.internal.reflect.DirectMethodHandleAccessor.invoke(DirectMethodHandleAccessor.java:104)
	at java.base/java.lang.reflect.Method.invoke(Method.java:578)
	at org.testng.internal.MethodInvocationHelper.invokeMethod(MethodInvocationHelper.java:133)
	at org.testng.internal.TestInvoker.invokeMethod(TestInvoker.java:598)
	at org.testng.internal.TestInvoker.invokeTestMethod(TestInvoker.java:173)
	at org.testng.internal.MethodRunner.runInSequence(MethodRunner.java:46)
	at org.testng.internal.TestInvoker$MethodInvocationAgent.invoke(TestInvoker.java:824)
	at org.testng.internal.TestInvoker.invokeTestMethods(TestInvoker.java:146)
	at org.testng.internal.TestMethodWorker.invokeTestMethods(TestMethodWorker.java:146)
	at org.testng.internal.TestMethodWorker.run(TestMethodWorker.java:128)
	at java.base/java.util.concurrent.ThreadPoolExecutor.runWorker(ThreadPoolExecutor.java:1144)
	at java.base/java.util.concurrent.ThreadPoolExecutor$Worker.run(ThreadPoolExecutor.java:642)
	at java.base/java.lang.Thread.run(Thread.java:1623)
]]></failure>
    <system-out><![CDATA[before method
6f2d6f53e225ff7f7247b97389c27361
OnTestStart : pages.test.PageTest3@10e41621
Adding Author BaseTest : pages.test.PageTest3@10e41621 Avtive Count : 14
Test Failure
]]></system-out>
  </testcase>
  <testcase name="test4_PageTest3" classname="pages.test.PageTest3" time="0.033">
    <system-out><![CDATA[before method
e73978fd33fa2f6d1279ec15b7d1b8d3
OnTestStart : pages.test.PageTest3@10e41621
Adding Author BaseTest : pages.test.PageTest3@10e41621 Avtive Count : 14
]]></system-out>
  </testcase>
  <testcase name="test5_PageTest3" classname="pages.test.PageTest3" time="0.064">
    <system-out><![CDATA[before method
d5672792399672b9ed7dcd049596c0ee
OnTestStart : pages.test.PageTest3@10e41621
Adding Author BaseTest : pages.test.PageTest3@10e41621 Avtive Count : 14
]]></system-out>
  </testcase>
</testsuite>